[2017-05-05 14:21:00.937] [INFO] exception - [worker:1]  { Error: hey,man,  ~_~   you've come a uncharted world! /
    at /opt/develop/project/node/express-guide/server/bin/framework-engin/express.js:60:13
    at Layer.handle [as handle_request] (/opt/develop/project/node/express-guide/node_modules/express/lib/router/layer.js:95:5)
    at trim_prefix (/opt/develop/project/node/express-guide/node_modules/express/lib/router/index.js:312:13)
    at /opt/develop/project/node/express-guide/node_modules/express/lib/router/index.js:280:7
    at Function.process_params (/opt/develop/project/node/express-guide/node_modules/express/lib/router/index.js:330:12)
    at next (/opt/develop/project/node/express-guide/node_modules/express/lib/router/index.js:271:10)
    at /opt/develop/project/node/express-guide/node_modules/express/lib/router/index.js:618:15
    at next (/opt/develop/project/node/express-guide/node_modules/express/lib/router/index.js:256:14)
    at Function.handle (/opt/develop/project/node/express-guide/node_modules/express/lib/router/index.js:176:3)
    at router (/opt/develop/project/node/express-guide/node_modules/express/lib/router/index.js:46:12) status: 404 }
[2017-05-05 14:21:01.140] [INFO] exception - [worker:1]  { Error: hey,man,  ~_~   you've come a uncharted world! /
    at /opt/develop/project/node/express-guide/server/bin/framework-engin/express.js:60:13
    at Layer.handle [as handle_request] (/opt/develop/project/node/express-guide/node_modules/express/lib/router/layer.js:95:5)
    at trim_prefix (/opt/develop/project/node/express-guide/node_modules/express/lib/router/index.js:312:13)
    at /opt/develop/project/node/express-guide/node_modules/express/lib/router/index.js:280:7
    at Function.process_params (/opt/develop/project/node/express-guide/node_modules/express/lib/router/index.js:330:12)
    at next (/opt/develop/project/node/express-guide/node_modules/express/lib/router/index.js:271:10)
    at /opt/develop/project/node/express-guide/node_modules/express/lib/router/index.js:618:15
    at next (/opt/develop/project/node/express-guide/node_modules/express/lib/router/index.js:256:14)
    at Function.handle (/opt/develop/project/node/express-guide/node_modules/express/lib/router/index.js:176:3)
    at router (/opt/develop/project/node/express-guide/node_modules/express/lib/router/index.js:46:12) status: 404 }
[2017-05-05 14:21:05.499] [INFO] exception - [worker:1]  { Error: hey,man,  ~_~   you've come a uncharted world! /page1
    at /opt/develop/project/node/express-guide/server/bin/framework-engin/express.js:60:13
    at Layer.handle [as handle_request] (/opt/develop/project/node/express-guide/node_modules/express/lib/router/layer.js:95:5)
    at trim_prefix (/opt/develop/project/node/express-guide/node_modules/express/lib/router/index.js:312:13)
    at /opt/develop/project/node/express-guide/node_modules/express/lib/router/index.js:280:7
    at Function.process_params (/opt/develop/project/node/express-guide/node_modules/express/lib/router/index.js:330:12)
    at next (/opt/develop/project/node/express-guide/node_modules/express/lib/router/index.js:271:10)
    at /opt/develop/project/node/express-guide/node_modules/express/lib/router/index.js:618:15
    at next (/opt/develop/project/node/express-guide/node_modules/express/lib/router/index.js:256:14)
    at Function.handle (/opt/develop/project/node/express-guide/node_modules/express/lib/router/index.js:176:3)
    at router (/opt/develop/project/node/express-guide/node_modules/express/lib/router/index.js:46:12) status: 404 }
[2017-05-05 14:21:31.600] [INFO] exception - [worker:1]  { Error: Failed to lookup view "admin/page2" in views directory "/opt/develop/project/node/express-guide/www/views"
    at EventEmitter.render (/opt/develop/project/node/express-guide/node_modules/express/lib/application.js:579:17)
    at ServerResponse.render (/opt/develop/project/node/express-guide/node_modules/express/lib/response.js:961:7)
    at Object.exports.doRender (/opt/develop/project/node/express-guide/server/src/core/gateway.js:137:9)
    at fnGen.then.result (/opt/develop/project/node/express-guide/server/src/core/gateway.js:221:23)
    at process._tickCallback (internal/process/next_tick.js:103:7)
  view: 
   View {
     defaultEngine: '.html',
     ext: '.html',
     name: 'admin/page2',
     root: '/opt/develop/project/node/express-guide/www/views',
     engine: [Function: bound ],
     path: undefined } }
[2017-05-05 14:21:46.227] [INFO] exception - [worker:1]  { Error: Failed to lookup view "admin/page2" in views directory "/opt/develop/project/node/express-guide/www/views"
    at EventEmitter.render (/opt/develop/project/node/express-guide/node_modules/express/lib/application.js:579:17)
    at ServerResponse.render (/opt/develop/project/node/express-guide/node_modules/express/lib/response.js:961:7)
    at Object.exports.doRender (/opt/develop/project/node/express-guide/server/src/core/gateway.js:137:9)
    at fnGen.then.result (/opt/develop/project/node/express-guide/server/src/core/gateway.js:221:23)
    at process._tickCallback (internal/process/next_tick.js:103:7)
  view: 
   View {
     defaultEngine: '.html',
     ext: '.html',
     name: 'admin/page2',
     root: '/opt/develop/project/node/express-guide/www/views',
     engine: [Function: bound ],
     path: undefined } }
[2017-05-05 14:29:04.827] [INFO] exception - [worker:2]  { Error: hey,man,  ~_~   you've come a uncharted world! /apple-touch-icon-precomposed.png
    at /opt/develop/project/node/express-guide/server/bin/framework-engin/express.js:60:13
    at Layer.handle [as handle_request] (/opt/develop/project/node/express-guide/node_modules/express/lib/router/layer.js:95:5)
    at trim_prefix (/opt/develop/project/node/express-guide/node_modules/express/lib/router/index.js:312:13)
    at /opt/develop/project/node/express-guide/node_modules/express/lib/router/index.js:280:7
    at Function.process_params (/opt/develop/project/node/express-guide/node_modules/express/lib/router/index.js:330:12)
    at next (/opt/develop/project/node/express-guide/node_modules/express/lib/router/index.js:271:10)
    at /opt/develop/project/node/express-guide/node_modules/express/lib/router/index.js:618:15
    at next (/opt/develop/project/node/express-guide/node_modules/express/lib/router/index.js:256:14)
    at Function.handle (/opt/develop/project/node/express-guide/node_modules/express/lib/router/index.js:176:3)
    at router (/opt/develop/project/node/express-guide/node_modules/express/lib/router/index.js:46:12) status: 404 }
[2017-05-05 14:29:04.887] [INFO] exception - [worker:2]  { Error: hey,man,  ~_~   you've come a uncharted world! /apple-touch-icon.png
    at /opt/develop/project/node/express-guide/server/bin/framework-engin/express.js:60:13
    at Layer.handle [as handle_request] (/opt/develop/project/node/express-guide/node_modules/express/lib/router/layer.js:95:5)
    at trim_prefix (/opt/develop/project/node/express-guide/node_modules/express/lib/router/index.js:312:13)
    at /opt/develop/project/node/express-guide/node_modules/express/lib/router/index.js:280:7
    at Function.process_params (/opt/develop/project/node/express-guide/node_modules/express/lib/router/index.js:330:12)
    at next (/opt/develop/project/node/express-guide/node_modules/express/lib/router/index.js:271:10)
    at /opt/develop/project/node/express-guide/node_modules/express/lib/router/index.js:618:15
    at next (/opt/develop/project/node/express-guide/node_modules/express/lib/router/index.js:256:14)
    at Function.handle (/opt/develop/project/node/express-guide/node_modules/express/lib/router/index.js:176:3)
    at router (/opt/develop/project/node/express-guide/node_modules/express/lib/router/index.js:46:12) status: 404 }
[2017-05-05 14:54:28.969] [INFO] exception - [worker:6]  { Error: hey,man,  ~_~   you've come a uncharted world! /page1
    at /opt/develop/project/node/express-guide/server/bin/framework-engin/express.js:60:13
    at Layer.handle [as handle_request] (/opt/develop/project/node/express-guide/node_modules/express/lib/router/layer.js:95:5)
    at trim_prefix (/opt/develop/project/node/express-guide/node_modules/express/lib/router/index.js:312:13)
    at /opt/develop/project/node/express-guide/node_modules/express/lib/router/index.js:280:7
    at Function.process_params (/opt/develop/project/node/express-guide/node_modules/express/lib/router/index.js:330:12)
    at next (/opt/develop/project/node/express-guide/node_modules/express/lib/router/index.js:271:10)
    at /opt/develop/project/node/express-guide/node_modules/express/lib/router/index.js:618:15
    at next (/opt/develop/project/node/express-guide/node_modules/express/lib/router/index.js:256:14)
    at Function.handle (/opt/develop/project/node/express-guide/node_modules/express/lib/router/index.js:176:3)
    at router (/opt/develop/project/node/express-guide/node_modules/express/lib/router/index.js:46:12) status: 404 }
[2017-05-05 14:54:31.732] [INFO] exception - [worker:6]  { Error: hey,man,  ~_~   you've come a uncharted world! /
    at /opt/develop/project/node/express-guide/server/bin/framework-engin/express.js:60:13
    at Layer.handle [as handle_request] (/opt/develop/project/node/express-guide/node_modules/express/lib/router/layer.js:95:5)
    at trim_prefix (/opt/develop/project/node/express-guide/node_modules/express/lib/router/index.js:312:13)
    at /opt/develop/project/node/express-guide/node_modules/express/lib/router/index.js:280:7
    at Function.process_params (/opt/develop/project/node/express-guide/node_modules/express/lib/router/index.js:330:12)
    at next (/opt/develop/project/node/express-guide/node_modules/express/lib/router/index.js:271:10)
    at /opt/develop/project/node/express-guide/node_modules/express/lib/router/index.js:618:15
    at next (/opt/develop/project/node/express-guide/node_modules/express/lib/router/index.js:256:14)
    at Function.handle (/opt/develop/project/node/express-guide/node_modules/express/lib/router/index.js:176:3)
    at router (/opt/develop/project/node/express-guide/node_modules/express/lib/router/index.js:46:12) status: 404 }
[2017-05-05 14:54:34.670] [INFO] exception - [worker:6]  { Error: hey,man,  ~_~   you've come a uncharted world! /page1
    at /opt/develop/project/node/express-guide/server/bin/framework-engin/express.js:60:13
    at Layer.handle [as handle_request] (/opt/develop/project/node/express-guide/node_modules/express/lib/router/layer.js:95:5)
    at trim_prefix (/opt/develop/project/node/express-guide/node_modules/express/lib/router/index.js:312:13)
    at /opt/develop/project/node/express-guide/node_modules/express/lib/router/index.js:280:7
    at Function.process_params (/opt/develop/project/node/express-guide/node_modules/express/lib/router/index.js:330:12)
    at next (/opt/develop/project/node/express-guide/node_modules/express/lib/router/index.js:271:10)
    at /opt/develop/project/node/express-guide/node_modules/express/lib/router/index.js:618:15
    at next (/opt/develop/project/node/express-guide/node_modules/express/lib/router/index.js:256:14)
    at Function.handle (/opt/develop/project/node/express-guide/node_modules/express/lib/router/index.js:176:3)
    at router (/opt/develop/project/node/express-guide/node_modules/express/lib/router/index.js:46:12) status: 404 }
[2017-05-23 13:41:55.148] [INFO] exception - [worker:1]  SyntaxError: Unexpected token o in JSON at position 1
    at Object.parse (native)
    at exports.saveVinPic (/opt/develop/project/node/express-guide/server/src/controller/test/ctrl.js:55:20)
    at next (native)
    at onFulfilled (/opt/develop/project/node/express-guide/node_modules/co/index.js:65:19)
[2017-05-23 13:51:31.816] [INFO] exception - [worker:1]  { Error: Unexpected field
    at makeError (/opt/develop/project/node/express-guide/node_modules/multer/lib/make-error.js:12:13)
    at wrappedFileFilter (/opt/develop/project/node/express-guide/node_modules/multer/index.js:40:19)
    at Busboy.<anonymous> (/opt/develop/project/node/express-guide/node_modules/multer/lib/make-middleware.js:114:7)
    at emitMany (events.js:127:13)
    at Busboy.emit (events.js:201:7)
    at Busboy.emit (/opt/develop/project/node/express-guide/node_modules/busboy/lib/main.js:38:33)
    at PartStream.<anonymous> (/opt/develop/project/node/express-guide/node_modules/busboy/lib/types/multipart.js:213:13)
    at emitOne (events.js:96:13)
    at PartStream.emit (events.js:188:7)
    at HeaderParser.<anonymous> (/opt/develop/project/node/express-guide/node_modules/dicer/lib/Dicer.js:51:16)
  code: 'LIMIT_UNEXPECTED_FILE',
  field: 'excel_file',
  storageErrors: [] }
[2017-05-23 13:52:30.038] [INFO] exception - [worker:3]  { Error: ENOENT: no such file or directory, open '/opt/develop/project/node/express-guide/www/public/excel/vin-excel-1495518750003.xlsx'
    at Error (native)
    at Object.fs.openSync (fs.js:640:18)
    at Object.fs.readFileSync (fs.js:508:33)
    at readSync (/opt/develop/project/node/express-guide/node_modules/xlsx/xlsx.js:17230:52)
    at Object.readFileSync (/opt/develop/project/node/express-guide/node_modules/xlsx/xlsx.js:17250:9)
    at exports.parseExcelFile (/opt/develop/project/node/express-guide/server/src/controller/test/ctrl.js:65:23)
    at next (native)
    at onFulfilled (/opt/develop/project/node/express-guide/node_modules/co/index.js:65:19)
    at process._tickCallback (internal/process/next_tick.js:103:7)
  errno: -2,
  code: 'ENOENT',
  syscall: 'open',
  path: '/opt/develop/project/node/express-guide/www/public/excel/vin-excel-1495518750003.xlsx' }
[2017-05-23 13:53:53.307] [INFO] exception - [worker:3]  { Error: ENOENT: no such file or directory, open '/opt/develop/project/node/express-guide/www/public/excel/vin-excel-1495518833273.xlsx.xlsx'
    at Error (native)
    at Object.fs.openSync (fs.js:640:18)
    at Object.fs.readFileSync (fs.js:508:33)
    at readSync (/opt/develop/project/node/express-guide/node_modules/xlsx/xlsx.js:17230:52)
    at Object.readFileSync (/opt/develop/project/node/express-guide/node_modules/xlsx/xlsx.js:17250:9)
    at exports.parseExcelFile (/opt/develop/project/node/express-guide/server/src/controller/test/ctrl.js:65:23)
    at next (native)
    at onFulfilled (/opt/develop/project/node/express-guide/node_modules/co/index.js:65:19)
    at process._tickCallback (internal/process/next_tick.js:103:7)
  errno: -2,
  code: 'ENOENT',
  syscall: 'open',
  path: '/opt/develop/project/node/express-guide/www/public/excel/vin-excel-1495518833273.xlsx.xlsx' }
[2017-06-14 12:24:31.914] [INFO] exception - [worker:1]  { Error: hey,man,  ~_~   you've come a uncharted world! /
    at /my_pic/dccm-react/backend/server/bin/framework-engin/express.js:60:13
    at Layer.handle [as handle_request] (/my_pic/dccm-react/backend/node_modules/express/lib/router/layer.js:95:5)
    at trim_prefix (/my_pic/dccm-react/backend/node_modules/express/lib/router/index.js:312:13)
    at /my_pic/dccm-react/backend/node_modules/express/lib/router/index.js:280:7
    at Function.process_params (/my_pic/dccm-react/backend/node_modules/express/lib/router/index.js:330:12)
    at next (/my_pic/dccm-react/backend/node_modules/express/lib/router/index.js:271:10)
    at /my_pic/dccm-react/backend/node_modules/express/lib/router/index.js:618:15
    at next (/my_pic/dccm-react/backend/node_modules/express/lib/router/index.js:256:14)
    at Function.handle (/my_pic/dccm-react/backend/node_modules/express/lib/router/index.js:176:3)
    at router (/my_pic/dccm-react/backend/node_modules/express/lib/router/index.js:46:12) status: 404 }
[2017-06-14 12:25:15.318] [INFO] exception - [worker:1]  TypeError: fn is not a function
    at execute (/my_pic/dccm-react/backend/server/src/core/gateway.js:244:7)
    at /my_pic/dccm-react/backend/server/src/core/gateway.js:199:30
    at Layer.handle [as handle_request] (/my_pic/dccm-react/backend/node_modules/express/lib/router/layer.js:95:5)
    at next (/my_pic/dccm-react/backend/node_modules/express/lib/router/route.js:131:13)
    at Route.dispatch (/my_pic/dccm-react/backend/node_modules/express/lib/router/route.js:112:3)
    at Layer.handle [as handle_request] (/my_pic/dccm-react/backend/node_modules/express/lib/router/layer.js:95:5)
    at /my_pic/dccm-react/backend/node_modules/express/lib/router/index.js:277:22
    at Function.process_params (/my_pic/dccm-react/backend/node_modules/express/lib/router/index.js:330:12)
    at next (/my_pic/dccm-react/backend/node_modules/express/lib/router/index.js:271:10)
    at Function.handle (/my_pic/dccm-react/backend/node_modules/express/lib/router/index.js:176:3)
[2017-06-14 12:25:17.077] [INFO] exception - [worker:1]  TypeError: fn is not a function
    at execute (/my_pic/dccm-react/backend/server/src/core/gateway.js:244:7)
    at /my_pic/dccm-react/backend/server/src/core/gateway.js:199:30
    at Layer.handle [as handle_request] (/my_pic/dccm-react/backend/node_modules/express/lib/router/layer.js:95:5)
    at next (/my_pic/dccm-react/backend/node_modules/express/lib/router/route.js:131:13)
    at Route.dispatch (/my_pic/dccm-react/backend/node_modules/express/lib/router/route.js:112:3)
    at Layer.handle [as handle_request] (/my_pic/dccm-react/backend/node_modules/express/lib/router/layer.js:95:5)
    at /my_pic/dccm-react/backend/node_modules/express/lib/router/index.js:277:22
    at Function.process_params (/my_pic/dccm-react/backend/node_modules/express/lib/router/index.js:330:12)
    at next (/my_pic/dccm-react/backend/node_modules/express/lib/router/index.js:271:10)
    at Function.handle (/my_pic/dccm-react/backend/node_modules/express/lib/router/index.js:176:3)
[2017-06-14 12:25:45.832] [INFO] exception - [worker:1]  TypeError: fn is not a function
    at execute (/my_pic/dccm-react/backend/server/src/core/gateway.js:244:7)
    at /my_pic/dccm-react/backend/server/src/core/gateway.js:199:30
    at Layer.handle [as handle_request] (/my_pic/dccm-react/backend/node_modules/express/lib/router/layer.js:95:5)
    at next (/my_pic/dccm-react/backend/node_modules/express/lib/router/route.js:131:13)
    at Route.dispatch (/my_pic/dccm-react/backend/node_modules/express/lib/router/route.js:112:3)
    at Layer.handle [as handle_request] (/my_pic/dccm-react/backend/node_modules/express/lib/router/layer.js:95:5)
    at /my_pic/dccm-react/backend/node_modules/express/lib/router/index.js:277:22
    at Function.process_params (/my_pic/dccm-react/backend/node_modules/express/lib/router/index.js:330:12)
    at next (/my_pic/dccm-react/backend/node_modules/express/lib/router/index.js:271:10)
    at Function.handle (/my_pic/dccm-react/backend/node_modules/express/lib/router/index.js:176:3)
[2017-06-14 12:25:48.412] [INFO] exception - [worker:1]  { Error: hey,man,  ~_~   you've come a uncharted world! /spa-bundle/management-spa-.js
    at /my_pic/dccm-react/backend/server/bin/framework-engin/express.js:60:13
    at Layer.handle [as handle_request] (/my_pic/dccm-react/backend/node_modules/express/lib/router/layer.js:95:5)
    at trim_prefix (/my_pic/dccm-react/backend/node_modules/express/lib/router/index.js:312:13)
    at /my_pic/dccm-react/backend/node_modules/express/lib/router/index.js:280:7
    at Function.process_params (/my_pic/dccm-react/backend/node_modules/express/lib/router/index.js:330:12)
    at next (/my_pic/dccm-react/backend/node_modules/express/lib/router/index.js:271:10)
    at /my_pic/dccm-react/backend/node_modules/express/lib/router/index.js:618:15
    at next (/my_pic/dccm-react/backend/node_modules/express/lib/router/index.js:256:14)
    at Function.handle (/my_pic/dccm-react/backend/node_modules/express/lib/router/index.js:176:3)
    at router (/my_pic/dccm-react/backend/node_modules/express/lib/router/index.js:46:12) status: 404 }
[2017-06-14 12:26:38.073] [INFO] exception - [worker:1]  { Error: hey,man,  ~_~   you've come a uncharted world! /assets/porsche-font/TrueType/LT_21021.ttf
    at /my_pic/dccm-react/backend/server/bin/framework-engin/express.js:60:13
    at Layer.handle [as handle_request] (/my_pic/dccm-react/backend/node_modules/express/lib/router/layer.js:95:5)
    at trim_prefix (/my_pic/dccm-react/backend/node_modules/express/lib/router/index.js:312:13)
    at /my_pic/dccm-react/backend/node_modules/express/lib/router/index.js:280:7
    at Function.process_params (/my_pic/dccm-react/backend/node_modules/express/lib/router/index.js:330:12)
    at next (/my_pic/dccm-react/backend/node_modules/express/lib/router/index.js:271:10)
    at /my_pic/dccm-react/backend/node_modules/express/lib/router/index.js:618:15
    at next (/my_pic/dccm-react/backend/node_modules/express/lib/router/index.js:256:14)
    at Function.handle (/my_pic/dccm-react/backend/node_modules/express/lib/router/index.js:176:3)
    at router (/my_pic/dccm-react/backend/node_modules/express/lib/router/index.js:46:12) status: 404 }
[2017-06-14 12:27:09.904] [INFO] exception - [worker:1]  { Error: hey,man,  ~_~   you've come a uncharted world! /assets/porsche-font/TrueType/LT_21021.ttf
    at /my_pic/dccm-react/backend/server/bin/framework-engin/express.js:60:13
    at Layer.handle [as handle_request] (/my_pic/dccm-react/backend/node_modules/express/lib/router/layer.js:95:5)
    at trim_prefix (/my_pic/dccm-react/backend/node_modules/express/lib/router/index.js:312:13)
    at /my_pic/dccm-react/backend/node_modules/express/lib/router/index.js:280:7
    at Function.process_params (/my_pic/dccm-react/backend/node_modules/express/lib/router/index.js:330:12)
    at next (/my_pic/dccm-react/backend/node_modules/express/lib/router/index.js:271:10)
    at /my_pic/dccm-react/backend/node_modules/express/lib/router/index.js:618:15
    at next (/my_pic/dccm-react/backend/node_modules/express/lib/router/index.js:256:14)
    at Function.handle (/my_pic/dccm-react/backend/node_modules/express/lib/router/index.js:176:3)
    at router (/my_pic/dccm-react/backend/node_modules/express/lib/router/index.js:46:12) status: 404 }
[2017-06-14 12:27:14.584] [INFO] exception - [worker:1]  { Error: hey,man,  ~_~   you've come a uncharted world! /assets/porsche-font/TrueType/LT_21021.ttf
    at /my_pic/dccm-react/backend/server/bin/framework-engin/express.js:60:13
    at Layer.handle [as handle_request] (/my_pic/dccm-react/backend/node_modules/express/lib/router/layer.js:95:5)
    at trim_prefix (/my_pic/dccm-react/backend/node_modules/express/lib/router/index.js:312:13)
    at /my_pic/dccm-react/backend/node_modules/express/lib/router/index.js:280:7
    at Function.process_params (/my_pic/dccm-react/backend/node_modules/express/lib/router/index.js:330:12)
    at next (/my_pic/dccm-react/backend/node_modules/express/lib/router/index.js:271:10)
    at /my_pic/dccm-react/backend/node_modules/express/lib/router/index.js:618:15
    at next (/my_pic/dccm-react/backend/node_modules/express/lib/router/index.js:256:14)
    at Function.handle (/my_pic/dccm-react/backend/node_modules/express/lib/router/index.js:176:3)
    at router (/my_pic/dccm-react/backend/node_modules/express/lib/router/index.js:46:12) status: 404 }
[2017-06-14 12:40:47.203] [INFO] exception - [worker:1]  { Error: hey,man,  ~_~   you've come a uncharted world! /api/get-books
    at /my_pic/dccm-react/backend/server/bin/framework-engin/express.js:60:13
    at Layer.handle [as handle_request] (/my_pic/dccm-react/backend/node_modules/express/lib/router/layer.js:95:5)
    at trim_prefix (/my_pic/dccm-react/backend/node_modules/express/lib/router/index.js:312:13)
    at /my_pic/dccm-react/backend/node_modules/express/lib/router/index.js:280:7
    at Function.process_params (/my_pic/dccm-react/backend/node_modules/express/lib/router/index.js:330:12)
    at next (/my_pic/dccm-react/backend/node_modules/express/lib/router/index.js:271:10)
    at /my_pic/dccm-react/backend/node_modules/express/lib/router/index.js:618:15
    at next (/my_pic/dccm-react/backend/node_modules/express/lib/router/index.js:256:14)
    at Function.handle (/my_pic/dccm-react/backend/node_modules/express/lib/router/index.js:176:3)
    at router (/my_pic/dccm-react/backend/node_modules/express/lib/router/index.js:46:12) status: 404 }
[2017-06-14 12:41:53.686] [INFO] exception - [worker:1]  { Error: hey,man,  ~_~   you've come a uncharted world! /api/get-books
    at /my_pic/dccm-react/backend/server/bin/framework-engin/express.js:60:13
    at Layer.handle [as handle_request] (/my_pic/dccm-react/backend/node_modules/express/lib/router/layer.js:95:5)
    at trim_prefix (/my_pic/dccm-react/backend/node_modules/express/lib/router/index.js:312:13)
    at /my_pic/dccm-react/backend/node_modules/express/lib/router/index.js:280:7
    at Function.process_params (/my_pic/dccm-react/backend/node_modules/express/lib/router/index.js:330:12)
    at next (/my_pic/dccm-react/backend/node_modules/express/lib/router/index.js:271:10)
    at /my_pic/dccm-react/backend/node_modules/express/lib/router/index.js:618:15
    at next (/my_pic/dccm-react/backend/node_modules/express/lib/router/index.js:256:14)
    at Function.handle (/my_pic/dccm-react/backend/node_modules/express/lib/router/index.js:176:3)
    at router (/my_pic/dccm-react/backend/node_modules/express/lib/router/index.js:46:12) status: 404 }
[2017-06-14 12:42:06.522] [INFO] exception - [worker:1]  { Error: hey,man,  ~_~   you've come a uncharted world! /api/get-books
    at /my_pic/dccm-react/backend/server/bin/framework-engin/express.js:60:13
    at Layer.handle [as handle_request] (/my_pic/dccm-react/backend/node_modules/express/lib/router/layer.js:95:5)
    at trim_prefix (/my_pic/dccm-react/backend/node_modules/express/lib/router/index.js:312:13)
    at /my_pic/dccm-react/backend/node_modules/express/lib/router/index.js:280:7
    at Function.process_params (/my_pic/dccm-react/backend/node_modules/express/lib/router/index.js:330:12)
    at next (/my_pic/dccm-react/backend/node_modules/express/lib/router/index.js:271:10)
    at /my_pic/dccm-react/backend/node_modules/express/lib/router/index.js:618:15
    at next (/my_pic/dccm-react/backend/node_modules/express/lib/router/index.js:256:14)
    at Function.handle (/my_pic/dccm-react/backend/node_modules/express/lib/router/index.js:176:3)
    at router (/my_pic/dccm-react/backend/node_modules/express/lib/router/index.js:46:12) status: 404 }
[2017-06-14 13:00:32.274] [INFO] exception - [worker:1]  { Error: hey,man,  ~_~   you've come a uncharted world! /antd.css.map
    at C:\workspace\dccm-react\backend\server\bin\framework-engin\express.js:60:13
    at Layer.handle [as handle_request] (C:\workspace\dccm-react\backend\node_modules\express\lib\router\layer.js:95:5)
    at trim_prefix (C:\workspace\dccm-react\backend\node_modules\express\lib\router\index.js:312:13)
    at C:\workspace\dccm-react\backend\node_modules\express\lib\router\index.js:280:7
    at Function.process_params (C:\workspace\dccm-react\backend\node_modules\express\lib\router\index.js:330:12)
    at next (C:\workspace\dccm-react\backend\node_modules\express\lib\router\index.js:271:10)
    at C:\workspace\dccm-react\backend\node_modules\express\lib\router\index.js:618:15
    at next (C:\workspace\dccm-react\backend\node_modules\express\lib\router\index.js:256:14)
    at Function.handle (C:\workspace\dccm-react\backend\node_modules\express\lib\router\index.js:176:3)
    at router (C:\workspace\dccm-react\backend\node_modules\express\lib\router\index.js:46:12) status: 404 }
[2017-06-14 13:00:36.589] [INFO] exception - [worker:1]  { Error: hey,man,  ~_~   you've come a uncharted world! /antd.css.map
    at C:\workspace\dccm-react\backend\server\bin\framework-engin\express.js:60:13
    at Layer.handle [as handle_request] (C:\workspace\dccm-react\backend\node_modules\express\lib\router\layer.js:95:5)
    at trim_prefix (C:\workspace\dccm-react\backend\node_modules\express\lib\router\index.js:312:13)
    at C:\workspace\dccm-react\backend\node_modules\express\lib\router\index.js:280:7
    at Function.process_params (C:\workspace\dccm-react\backend\node_modules\express\lib\router\index.js:330:12)
    at next (C:\workspace\dccm-react\backend\node_modules\express\lib\router\index.js:271:10)
    at C:\workspace\dccm-react\backend\node_modules\express\lib\router\index.js:618:15
    at next (C:\workspace\dccm-react\backend\node_modules\express\lib\router\index.js:256:14)
    at Function.handle (C:\workspace\dccm-react\backend\node_modules\express\lib\router\index.js:176:3)
    at router (C:\workspace\dccm-react\backend\node_modules\express\lib\router\index.js:46:12) status: 404 }
[2017-06-14 13:08:29.299] [INFO] exception - [worker:1]  { Error: hey,man,  ~_~   you've come a uncharted world! /api/test-post
    at C:\workspace\dccm-react\backend\server\bin\framework-engin\express.js:60:13
    at Layer.handle [as handle_request] (C:\workspace\dccm-react\backend\node_modules\express\lib\router\layer.js:95:5)
    at trim_prefix (C:\workspace\dccm-react\backend\node_modules\express\lib\router\index.js:312:13)
    at C:\workspace\dccm-react\backend\node_modules\express\lib\router\index.js:280:7
    at Function.process_params (C:\workspace\dccm-react\backend\node_modules\express\lib\router\index.js:330:12)
    at next (C:\workspace\dccm-react\backend\node_modules\express\lib\router\index.js:271:10)
    at C:\workspace\dccm-react\backend\node_modules\express\lib\router\index.js:618:15
    at next (C:\workspace\dccm-react\backend\node_modules\express\lib\router\index.js:256:14)
    at Function.handle (C:\workspace\dccm-react\backend\node_modules\express\lib\router\index.js:176:3)
    at router (C:\workspace\dccm-react\backend\node_modules\express\lib\router\index.js:46:12) status: 404 }
[2017-06-14 13:24:03.889] [INFO] exception - [worker:1]  { Error: hey,man,  ~_~   you've come a uncharted world! /antd.css.map
    at C:\workspace\dccm-react\backend\server\bin\framework-engin\express.js:60:13
    at Layer.handle [as handle_request] (C:\workspace\dccm-react\backend\node_modules\express\lib\router\layer.js:95:5)
    at trim_prefix (C:\workspace\dccm-react\backend\node_modules\express\lib\router\index.js:312:13)
    at C:\workspace\dccm-react\backend\node_modules\express\lib\router\index.js:280:7
    at Function.process_params (C:\workspace\dccm-react\backend\node_modules\express\lib\router\index.js:330:12)
    at next (C:\workspace\dccm-react\backend\node_modules\express\lib\router\index.js:271:10)
    at C:\workspace\dccm-react\backend\node_modules\express\lib\router\index.js:618:15
    at next (C:\workspace\dccm-react\backend\node_modules\express\lib\router\index.js:256:14)
    at Function.handle (C:\workspace\dccm-react\backend\node_modules\express\lib\router\index.js:176:3)
    at router (C:\workspace\dccm-react\backend\node_modules\express\lib\router\index.js:46:12) status: 404 }
[2017-06-14 13:25:28.905] [INFO] exception - [worker:1]  { Error: hey,man,  ~_~   you've come a uncharted world! /antd.css.map
    at C:\workspace\dccm-react\backend\server\bin\framework-engin\express.js:60:13
    at Layer.handle [as handle_request] (C:\workspace\dccm-react\backend\node_modules\express\lib\router\layer.js:95:5)
    at trim_prefix (C:\workspace\dccm-react\backend\node_modules\express\lib\router\index.js:312:13)
    at C:\workspace\dccm-react\backend\node_modules\express\lib\router\index.js:280:7
    at Function.process_params (C:\workspace\dccm-react\backend\node_modules\express\lib\router\index.js:330:12)
    at next (C:\workspace\dccm-react\backend\node_modules\express\lib\router\index.js:271:10)
    at C:\workspace\dccm-react\backend\node_modules\express\lib\router\index.js:618:15
    at next (C:\workspace\dccm-react\backend\node_modules\express\lib\router\index.js:256:14)
    at Function.handle (C:\workspace\dccm-react\backend\node_modules\express\lib\router\index.js:176:3)
    at router (C:\workspace\dccm-react\backend\node_modules\express\lib\router\index.js:46:12) status: 404 }
[2017-06-14 13:25:52.817] [INFO] exception - [worker:1]  { Error: hey,man,  ~_~   you've come a uncharted world! /antd.css.map
    at C:\workspace\dccm-react\backend\server\bin\framework-engin\express.js:60:13
    at Layer.handle [as handle_request] (C:\workspace\dccm-react\backend\node_modules\express\lib\router\layer.js:95:5)
    at trim_prefix (C:\workspace\dccm-react\backend\node_modules\express\lib\router\index.js:312:13)
    at C:\workspace\dccm-react\backend\node_modules\express\lib\router\index.js:280:7
    at Function.process_params (C:\workspace\dccm-react\backend\node_modules\express\lib\router\index.js:330:12)
    at next (C:\workspace\dccm-react\backend\node_modules\express\lib\router\index.js:271:10)
    at C:\workspace\dccm-react\backend\node_modules\express\lib\router\index.js:618:15
    at next (C:\workspace\dccm-react\backend\node_modules\express\lib\router\index.js:256:14)
    at Function.handle (C:\workspace\dccm-react\backend\node_modules\express\lib\router\index.js:176:3)
    at router (C:\workspace\dccm-react\backend\node_modules\express\lib\router\index.js:46:12) status: 404 }
[2017-06-15 19:25:42.408] [INFO] exception - [worker:1]  { Error: invalid json
    at parse (C:\workspace\dccm-react\backend\node_modules\body-parser\lib\types\json.js:83:15)
    at C:\workspace\dccm-react\backend\node_modules\body-parser\lib\read.js:108:18
    at invokeCallback (C:\workspace\dccm-react\backend\node_modules\body-parser\node_modules\raw-body\index.js:262:16)
    at done (C:\workspace\dccm-react\backend\node_modules\body-parser\node_modules\raw-body\index.js:251:7)
    at IncomingMessage.onEnd (C:\workspace\dccm-react\backend\node_modules\body-parser\node_modules\raw-body\index.js:308:7)
    at emitNone (events.js:86:13)
    at IncomingMessage.emit (events.js:185:7)
    at endReadableNT (_stream_readable.js:974:12)
    at _combinedTickCallback (internal/process/next_tick.js:80:11)
    at process._tickCallback (internal/process/next_tick.js:104:9) body: '""', status: 400, statusCode: 400 }
[2017-06-15 19:25:45.915] [INFO] exception - [worker:1]  { Error: invalid json
    at parse (C:\workspace\dccm-react\backend\node_modules\body-parser\lib\types\json.js:83:15)
    at C:\workspace\dccm-react\backend\node_modules\body-parser\lib\read.js:108:18
    at invokeCallback (C:\workspace\dccm-react\backend\node_modules\body-parser\node_modules\raw-body\index.js:262:16)
    at done (C:\workspace\dccm-react\backend\node_modules\body-parser\node_modules\raw-body\index.js:251:7)
    at IncomingMessage.onEnd (C:\workspace\dccm-react\backend\node_modules\body-parser\node_modules\raw-body\index.js:308:7)
    at emitNone (events.js:86:13)
    at IncomingMessage.emit (events.js:185:7)
    at endReadableNT (_stream_readable.js:974:12)
    at _combinedTickCallback (internal/process/next_tick.js:80:11)
    at process._tickCallback (internal/process/next_tick.js:104:9) body: '""', status: 400, statusCode: 400 }
[2017-06-29 12:34:21.725] [INFO] exception - [worker:1]  { Error: hey,man,  ~_~   you've come a uncharted world! /assets/image/manager-platform/login-bg.png
    at C:\workspace\dccm-react\backend\server\bin\framework-engin\express.js:60:13
    at Layer.handle [as handle_request] (C:\workspace\dccm-react\backend\node_modules\express\lib\router\layer.js:95:5)
    at trim_prefix (C:\workspace\dccm-react\backend\node_modules\express\lib\router\index.js:312:13)
    at C:\workspace\dccm-react\backend\node_modules\express\lib\router\index.js:280:7
    at Function.process_params (C:\workspace\dccm-react\backend\node_modules\express\lib\router\index.js:330:12)
    at next (C:\workspace\dccm-react\backend\node_modules\express\lib\router\index.js:271:10)
    at C:\workspace\dccm-react\backend\node_modules\express\lib\router\index.js:618:15
    at next (C:\workspace\dccm-react\backend\node_modules\express\lib\router\index.js:256:14)
    at Function.handle (C:\workspace\dccm-react\backend\node_modules\express\lib\router\index.js:176:3)
    at router (C:\workspace\dccm-react\backend\node_modules\express\lib\router\index.js:46:12) status: 404 }
[2017-06-29 12:34:25.494] [INFO] exception - [worker:1]  { Error: hey,man,  ~_~   you've come a uncharted world! /antd.css.map
    at C:\workspace\dccm-react\backend\server\bin\framework-engin\express.js:60:13
    at Layer.handle [as handle_request] (C:\workspace\dccm-react\backend\node_modules\express\lib\router\layer.js:95:5)
    at trim_prefix (C:\workspace\dccm-react\backend\node_modules\express\lib\router\index.js:312:13)
    at C:\workspace\dccm-react\backend\node_modules\express\lib\router\index.js:280:7
    at Function.process_params (C:\workspace\dccm-react\backend\node_modules\express\lib\router\index.js:330:12)
    at next (C:\workspace\dccm-react\backend\node_modules\express\lib\router\index.js:271:10)
    at C:\workspace\dccm-react\backend\node_modules\express\lib\router\index.js:618:15
    at next (C:\workspace\dccm-react\backend\node_modules\express\lib\router\index.js:256:14)
    at Function.handle (C:\workspace\dccm-react\backend\node_modules\express\lib\router\index.js:176:3)
    at router (C:\workspace\dccm-react\backend\node_modules\express\lib\router\index.js:46:12) status: 404 }
[2017-06-29 12:34:28.588] [INFO] exception - [worker:1]  { Error: hey,man,  ~_~   you've come a uncharted world! /assets/image/manager-platform/login-bg.png
    at C:\workspace\dccm-react\backend\server\bin\framework-engin\express.js:60:13
    at Layer.handle [as handle_request] (C:\workspace\dccm-react\backend\node_modules\express\lib\router\layer.js:95:5)
    at trim_prefix (C:\workspace\dccm-react\backend\node_modules\express\lib\router\index.js:312:13)
    at C:\workspace\dccm-react\backend\node_modules\express\lib\router\index.js:280:7
    at Function.process_params (C:\workspace\dccm-react\backend\node_modules\express\lib\router\index.js:330:12)
    at next (C:\workspace\dccm-react\backend\node_modules\express\lib\router\index.js:271:10)
    at C:\workspace\dccm-react\backend\node_modules\express\lib\router\index.js:618:15
    at next (C:\workspace\dccm-react\backend\node_modules\express\lib\router\index.js:256:14)
    at Function.handle (C:\workspace\dccm-react\backend\node_modules\express\lib\router\index.js:176:3)
    at router (C:\workspace\dccm-react\backend\node_modules\express\lib\router\index.js:46:12) status: 404 }
[2017-06-29 12:34:28.636] [INFO] exception - [worker:1]  { Error: hey,man,  ~_~   you've come a uncharted world! /antd.css.map
    at C:\workspace\dccm-react\backend\server\bin\framework-engin\express.js:60:13
    at Layer.handle [as handle_request] (C:\workspace\dccm-react\backend\node_modules\express\lib\router\layer.js:95:5)
    at trim_prefix (C:\workspace\dccm-react\backend\node_modules\express\lib\router\index.js:312:13)
    at C:\workspace\dccm-react\backend\node_modules\express\lib\router\index.js:280:7
    at Function.process_params (C:\workspace\dccm-react\backend\node_modules\express\lib\router\index.js:330:12)
    at next (C:\workspace\dccm-react\backend\node_modules\express\lib\router\index.js:271:10)
    at C:\workspace\dccm-react\backend\node_modules\express\lib\router\index.js:618:15
    at next (C:\workspace\dccm-react\backend\node_modules\express\lib\router\index.js:256:14)
    at Function.handle (C:\workspace\dccm-react\backend\node_modules\express\lib\router\index.js:176:3)
    at router (C:\workspace\dccm-react\backend\node_modules\express\lib\router\index.js:46:12) status: 404 }
[2017-06-29 12:36:49.698] [INFO] exception - [worker:1]  { Error: hey,man,  ~_~   you've come a uncharted world! /api/sps/customerInfo/excel/template/download
    at C:\workspace\dccm-react\backend\server\bin\framework-engin\express.js:60:13
    at Layer.handle [as handle_request] (C:\workspace\dccm-react\backend\node_modules\express\lib\router\layer.js:95:5)
    at trim_prefix (C:\workspace\dccm-react\backend\node_modules\express\lib\router\index.js:312:13)
    at C:\workspace\dccm-react\backend\node_modules\express\lib\router\index.js:280:7
    at Function.process_params (C:\workspace\dccm-react\backend\node_modules\express\lib\router\index.js:330:12)
    at next (C:\workspace\dccm-react\backend\node_modules\express\lib\router\index.js:271:10)
    at C:\workspace\dccm-react\backend\node_modules\express\lib\router\index.js:618:15
    at next (C:\workspace\dccm-react\backend\node_modules\express\lib\router\index.js:256:14)
    at Function.handle (C:\workspace\dccm-react\backend\node_modules\express\lib\router\index.js:176:3)
    at router (C:\workspace\dccm-react\backend\node_modules\express\lib\router\index.js:46:12) status: 404 }
[2017-06-29 12:41:45.598] [INFO] exception - [worker:1]  { Error: hey,man,  ~_~   you've come a uncharted world! /assets/image/manager-platform/login-bg.png
    at C:\workspace\dccm-react\backend\server\bin\framework-engin\express.js:60:13
    at Layer.handle [as handle_request] (C:\workspace\dccm-react\backend\node_modules\express\lib\router\layer.js:95:5)
    at trim_prefix (C:\workspace\dccm-react\backend\node_modules\express\lib\router\index.js:312:13)
    at C:\workspace\dccm-react\backend\node_modules\express\lib\router\index.js:280:7
    at Function.process_params (C:\workspace\dccm-react\backend\node_modules\express\lib\router\index.js:330:12)
    at next (C:\workspace\dccm-react\backend\node_modules\express\lib\router\index.js:271:10)
    at C:\workspace\dccm-react\backend\node_modules\express\lib\router\index.js:618:15
    at next (C:\workspace\dccm-react\backend\node_modules\express\lib\router\index.js:256:14)
    at Function.handle (C:\workspace\dccm-react\backend\node_modules\express\lib\router\index.js:176:3)
    at router (C:\workspace\dccm-react\backend\node_modules\express\lib\router\index.js:46:12) status: 404 }
[2017-06-29 12:41:51.798] [INFO] exception - [worker:1]  { Error: hey,man,  ~_~   you've come a uncharted world! /assets/image/manager-platform/login-bg.png
    at C:\workspace\dccm-react\backend\server\bin\framework-engin\express.js:60:13
    at Layer.handle [as handle_request] (C:\workspace\dccm-react\backend\node_modules\express\lib\router\layer.js:95:5)
    at trim_prefix (C:\workspace\dccm-react\backend\node_modules\express\lib\router\index.js:312:13)
    at C:\workspace\dccm-react\backend\node_modules\express\lib\router\index.js:280:7
    at Function.process_params (C:\workspace\dccm-react\backend\node_modules\express\lib\router\index.js:330:12)
    at next (C:\workspace\dccm-react\backend\node_modules\express\lib\router\index.js:271:10)
    at C:\workspace\dccm-react\backend\node_modules\express\lib\router\index.js:618:15
    at next (C:\workspace\dccm-react\backend\node_modules\express\lib\router\index.js:256:14)
    at Function.handle (C:\workspace\dccm-react\backend\node_modules\express\lib\router\index.js:176:3)
    at router (C:\workspace\dccm-react\backend\node_modules\express\lib\router\index.js:46:12) status: 404 }
[2017-06-29 12:41:53.080] [INFO] exception - [worker:1]  { Error: hey,man,  ~_~   you've come a uncharted world! /api/sps/login
    at C:\workspace\dccm-react\backend\server\bin\framework-engin\express.js:60:13
    at Layer.handle [as handle_request] (C:\workspace\dccm-react\backend\node_modules\express\lib\router\layer.js:95:5)
    at trim_prefix (C:\workspace\dccm-react\backend\node_modules\express\lib\router\index.js:312:13)
    at C:\workspace\dccm-react\backend\node_modules\express\lib\router\index.js:280:7
    at Function.process_params (C:\workspace\dccm-react\backend\node_modules\express\lib\router\index.js:330:12)
    at next (C:\workspace\dccm-react\backend\node_modules\express\lib\router\index.js:271:10)
    at C:\workspace\dccm-react\backend\node_modules\express\lib\router\index.js:618:15
    at next (C:\workspace\dccm-react\backend\node_modules\express\lib\router\index.js:256:14)
    at Function.handle (C:\workspace\dccm-react\backend\node_modules\express\lib\router\index.js:176:3)
    at router (C:\workspace\dccm-react\backend\node_modules\express\lib\router\index.js:46:12) status: 404 }
[2017-06-29 12:42:11.740] [INFO] exception - [worker:1]  { Error: hey,man,  ~_~   you've come a uncharted world! /antd.css.map
    at C:\workspace\dccm-react\backend\server\bin\framework-engin\express.js:60:13
    at Layer.handle [as handle_request] (C:\workspace\dccm-react\backend\node_modules\express\lib\router\layer.js:95:5)
    at trim_prefix (C:\workspace\dccm-react\backend\node_modules\express\lib\router\index.js:312:13)
    at C:\workspace\dccm-react\backend\node_modules\express\lib\router\index.js:280:7
    at Function.process_params (C:\workspace\dccm-react\backend\node_modules\express\lib\router\index.js:330:12)
    at next (C:\workspace\dccm-react\backend\node_modules\express\lib\router\index.js:271:10)
    at C:\workspace\dccm-react\backend\node_modules\express\lib\router\index.js:618:15
    at next (C:\workspace\dccm-react\backend\node_modules\express\lib\router\index.js:256:14)
    at Function.handle (C:\workspace\dccm-react\backend\node_modules\express\lib\router\index.js:176:3)
    at router (C:\workspace\dccm-react\backend\node_modules\express\lib\router\index.js:46:12) status: 404 }
[2017-06-29 12:42:14.240] [INFO] exception - [worker:1]  { Error: hey,man,  ~_~   you've come a uncharted world! /api/sps/login
    at C:\workspace\dccm-react\backend\server\bin\framework-engin\express.js:60:13
    at Layer.handle [as handle_request] (C:\workspace\dccm-react\backend\node_modules\express\lib\router\layer.js:95:5)
    at trim_prefix (C:\workspace\dccm-react\backend\node_modules\express\lib\router\index.js:312:13)
    at C:\workspace\dccm-react\backend\node_modules\express\lib\router\index.js:280:7
    at Function.process_params (C:\workspace\dccm-react\backend\node_modules\express\lib\router\index.js:330:12)
    at next (C:\workspace\dccm-react\backend\node_modules\express\lib\router\index.js:271:10)
    at C:\workspace\dccm-react\backend\node_modules\express\lib\router\index.js:618:15
    at next (C:\workspace\dccm-react\backend\node_modules\express\lib\router\index.js:256:14)
    at Function.handle (C:\workspace\dccm-react\backend\node_modules\express\lib\router\index.js:176:3)
    at router (C:\workspace\dccm-react\backend\node_modules\express\lib\router\index.js:46:12) status: 404 }
[2017-06-29 12:44:41.833] [INFO] exception - [worker:1]  { Error: hey,man,  ~_~   you've come a uncharted world! /assets/image/manager-platform/login-bg.png
    at C:\workspace\dccm-react\backend\server\bin\framework-engin\express.js:60:13
    at Layer.handle [as handle_request] (C:\workspace\dccm-react\backend\node_modules\express\lib\router\layer.js:95:5)
    at trim_prefix (C:\workspace\dccm-react\backend\node_modules\express\lib\router\index.js:312:13)
    at C:\workspace\dccm-react\backend\node_modules\express\lib\router\index.js:280:7
    at Function.process_params (C:\workspace\dccm-react\backend\node_modules\express\lib\router\index.js:330:12)
    at next (C:\workspace\dccm-react\backend\node_modules\express\lib\router\index.js:271:10)
    at C:\workspace\dccm-react\backend\node_modules\express\lib\router\index.js:618:15
    at next (C:\workspace\dccm-react\backend\node_modules\express\lib\router\index.js:256:14)
    at Function.handle (C:\workspace\dccm-react\backend\node_modules\express\lib\router\index.js:176:3)
    at router (C:\workspace\dccm-react\backend\node_modules\express\lib\router\index.js:46:12) status: 404 }
[2017-06-29 12:44:41.881] [INFO] exception - [worker:1]  { Error: hey,man,  ~_~   you've come a uncharted world! /antd.css.map
    at C:\workspace\dccm-react\backend\server\bin\framework-engin\express.js:60:13
    at Layer.handle [as handle_request] (C:\workspace\dccm-react\backend\node_modules\express\lib\router\layer.js:95:5)
    at trim_prefix (C:\workspace\dccm-react\backend\node_modules\express\lib\router\index.js:312:13)
    at C:\workspace\dccm-react\backend\node_modules\express\lib\router\index.js:280:7
    at Function.process_params (C:\workspace\dccm-react\backend\node_modules\express\lib\router\index.js:330:12)
    at next (C:\workspace\dccm-react\backend\node_modules\express\lib\router\index.js:271:10)
    at C:\workspace\dccm-react\backend\node_modules\express\lib\router\index.js:618:15
    at next (C:\workspace\dccm-react\backend\node_modules\express\lib\router\index.js:256:14)
    at Function.handle (C:\workspace\dccm-react\backend\node_modules\express\lib\router\index.js:176:3)
    at router (C:\workspace\dccm-react\backend\node_modules\express\lib\router\index.js:46:12) status: 404 }
[2017-06-29 12:44:44.316] [INFO] exception - [worker:1]  { Error: hey,man,  ~_~   you've come a uncharted world! /api/sps/login
    at C:\workspace\dccm-react\backend\server\bin\framework-engin\express.js:60:13
    at Layer.handle [as handle_request] (C:\workspace\dccm-react\backend\node_modules\express\lib\router\layer.js:95:5)
    at trim_prefix (C:\workspace\dccm-react\backend\node_modules\express\lib\router\index.js:312:13)
    at C:\workspace\dccm-react\backend\node_modules\express\lib\router\index.js:280:7
    at Function.process_params (C:\workspace\dccm-react\backend\node_modules\express\lib\router\index.js:330:12)
    at next (C:\workspace\dccm-react\backend\node_modules\express\lib\router\index.js:271:10)
    at C:\workspace\dccm-react\backend\node_modules\express\lib\router\index.js:618:15
    at next (C:\workspace\dccm-react\backend\node_modules\express\lib\router\index.js:256:14)
    at Function.handle (C:\workspace\dccm-react\backend\node_modules\express\lib\router\index.js:176:3)
    at router (C:\workspace\dccm-react\backend\node_modules\express\lib\router\index.js:46:12) status: 404 }
[2017-06-29 12:46:22.801] [INFO] exception - [worker:1]  { Error: hey,man,  ~_~   you've come a uncharted world! /assets/image/manager-platform/login-bg.png
    at C:\workspace\dccm-react\backend\server\bin\framework-engin\express.js:60:13
    at Layer.handle [as handle_request] (C:\workspace\dccm-react\backend\node_modules\express\lib\router\layer.js:95:5)
    at trim_prefix (C:\workspace\dccm-react\backend\node_modules\express\lib\router\index.js:312:13)
    at C:\workspace\dccm-react\backend\node_modules\express\lib\router\index.js:280:7
    at Function.process_params (C:\workspace\dccm-react\backend\node_modules\express\lib\router\index.js:330:12)
    at next (C:\workspace\dccm-react\backend\node_modules\express\lib\router\index.js:271:10)
    at C:\workspace\dccm-react\backend\node_modules\express\lib\router\index.js:618:15
    at next (C:\workspace\dccm-react\backend\node_modules\express\lib\router\index.js:256:14)
    at Function.handle (C:\workspace\dccm-react\backend\node_modules\express\lib\router\index.js:176:3)
    at router (C:\workspace\dccm-react\backend\node_modules\express\lib\router\index.js:46:12) status: 404 }
[2017-06-29 12:46:22.853] [INFO] exception - [worker:1]  { Error: hey,man,  ~_~   you've come a uncharted world! /antd.css.map
    at C:\workspace\dccm-react\backend\server\bin\framework-engin\express.js:60:13
    at Layer.handle [as handle_request] (C:\workspace\dccm-react\backend\node_modules\express\lib\router\layer.js:95:5)
    at trim_prefix (C:\workspace\dccm-react\backend\node_modules\express\lib\router\index.js:312:13)
    at C:\workspace\dccm-react\backend\node_modules\express\lib\router\index.js:280:7
    at Function.process_params (C:\workspace\dccm-react\backend\node_modules\express\lib\router\index.js:330:12)
    at next (C:\workspace\dccm-react\backend\node_modules\express\lib\router\index.js:271:10)
    at C:\workspace\dccm-react\backend\node_modules\express\lib\router\index.js:618:15
    at next (C:\workspace\dccm-react\backend\node_modules\express\lib\router\index.js:256:14)
    at Function.handle (C:\workspace\dccm-react\backend\node_modules\express\lib\router\index.js:176:3)
    at router (C:\workspace\dccm-react\backend\node_modules\express\lib\router\index.js:46:12) status: 404 }
[2017-06-29 12:46:24.283] [INFO] exception - [worker:1]  { Error: hey,man,  ~_~   you've come a uncharted world! /api/sps/sysAccountLocal/getAccoutAndRoleList/100
    at C:\workspace\dccm-react\backend\server\bin\framework-engin\express.js:60:13
    at Layer.handle [as handle_request] (C:\workspace\dccm-react\backend\node_modules\express\lib\router\layer.js:95:5)
    at trim_prefix (C:\workspace\dccm-react\backend\node_modules\express\lib\router\index.js:312:13)
    at C:\workspace\dccm-react\backend\node_modules\express\lib\router\index.js:280:7
    at Function.process_params (C:\workspace\dccm-react\backend\node_modules\express\lib\router\index.js:330:12)
    at next (C:\workspace\dccm-react\backend\node_modules\express\lib\router\index.js:271:10)
    at C:\workspace\dccm-react\backend\node_modules\express\lib\router\index.js:618:15
    at next (C:\workspace\dccm-react\backend\node_modules\express\lib\router\index.js:256:14)
    at Function.handle (C:\workspace\dccm-react\backend\node_modules\express\lib\router\index.js:176:3)
    at router (C:\workspace\dccm-react\backend\node_modules\express\lib\router\index.js:46:12) status: 404 }
[2017-06-29 12:48:43.662] [INFO] exception - [worker:1]  { Error: hey,man,  ~_~   you've come a uncharted world! /assets/image/manager-platform/login-bg.png
    at C:\workspace\dccm-react\backend\server\bin\framework-engin\express.js:60:13
    at Layer.handle [as handle_request] (C:\workspace\dccm-react\backend\node_modules\express\lib\router\layer.js:95:5)
    at trim_prefix (C:\workspace\dccm-react\backend\node_modules\express\lib\router\index.js:312:13)
    at C:\workspace\dccm-react\backend\node_modules\express\lib\router\index.js:280:7
    at Function.process_params (C:\workspace\dccm-react\backend\node_modules\express\lib\router\index.js:330:12)
    at next (C:\workspace\dccm-react\backend\node_modules\express\lib\router\index.js:271:10)
    at C:\workspace\dccm-react\backend\node_modules\express\lib\router\index.js:618:15
    at next (C:\workspace\dccm-react\backend\node_modules\express\lib\router\index.js:256:14)
    at Function.handle (C:\workspace\dccm-react\backend\node_modules\express\lib\router\index.js:176:3)
    at router (C:\workspace\dccm-react\backend\node_modules\express\lib\router\index.js:46:12) status: 404 }
[2017-06-29 12:48:43.702] [INFO] exception - [worker:1]  { Error: hey,man,  ~_~   you've come a uncharted world! /antd.css.map
    at C:\workspace\dccm-react\backend\server\bin\framework-engin\express.js:60:13
    at Layer.handle [as handle_request] (C:\workspace\dccm-react\backend\node_modules\express\lib\router\layer.js:95:5)
    at trim_prefix (C:\workspace\dccm-react\backend\node_modules\express\lib\router\index.js:312:13)
    at C:\workspace\dccm-react\backend\node_modules\express\lib\router\index.js:280:7
    at Function.process_params (C:\workspace\dccm-react\backend\node_modules\express\lib\router\index.js:330:12)
    at next (C:\workspace\dccm-react\backend\node_modules\express\lib\router\index.js:271:10)
    at C:\workspace\dccm-react\backend\node_modules\express\lib\router\index.js:618:15
    at next (C:\workspace\dccm-react\backend\node_modules\express\lib\router\index.js:256:14)
    at Function.handle (C:\workspace\dccm-react\backend\node_modules\express\lib\router\index.js:176:3)
    at router (C:\workspace\dccm-react\backend\node_modules\express\lib\router\index.js:46:12) status: 404 }
[2017-06-29 12:49:05.689] [INFO] exception - [worker:1]  { Error: hey,man,  ~_~   you've come a uncharted world! /api/sps/customerInfo/excel/template/download
    at C:\workspace\dccm-react\backend\server\bin\framework-engin\express.js:60:13
    at Layer.handle [as handle_request] (C:\workspace\dccm-react\backend\node_modules\express\lib\router\layer.js:95:5)
    at trim_prefix (C:\workspace\dccm-react\backend\node_modules\express\lib\router\index.js:312:13)
    at C:\workspace\dccm-react\backend\node_modules\express\lib\router\index.js:280:7
    at Function.process_params (C:\workspace\dccm-react\backend\node_modules\express\lib\router\index.js:330:12)
    at next (C:\workspace\dccm-react\backend\node_modules\express\lib\router\index.js:271:10)
    at C:\workspace\dccm-react\backend\node_modules\express\lib\router\index.js:618:15
    at next (C:\workspace\dccm-react\backend\node_modules\express\lib\router\index.js:256:14)
    at Function.handle (C:\workspace\dccm-react\backend\node_modules\express\lib\router\index.js:176:3)
    at router (C:\workspace\dccm-react\backend\node_modules\express\lib\router\index.js:46:12) status: 404 }
[2017-06-29 12:50:27.099] [INFO] exception - [worker:1]  { Error: hey,man,  ~_~   you've come a uncharted world! /antd.css.map
    at C:\workspace\dccm-react\backend\server\bin\framework-engin\express.js:60:13
    at Layer.handle [as handle_request] (C:\workspace\dccm-react\backend\node_modules\express\lib\router\layer.js:95:5)
    at trim_prefix (C:\workspace\dccm-react\backend\node_modules\express\lib\router\index.js:312:13)
    at C:\workspace\dccm-react\backend\node_modules\express\lib\router\index.js:280:7
    at Function.process_params (C:\workspace\dccm-react\backend\node_modules\express\lib\router\index.js:330:12)
    at next (C:\workspace\dccm-react\backend\node_modules\express\lib\router\index.js:271:10)
    at C:\workspace\dccm-react\backend\node_modules\express\lib\router\index.js:618:15
    at next (C:\workspace\dccm-react\backend\node_modules\express\lib\router\index.js:256:14)
    at Function.handle (C:\workspace\dccm-react\backend\node_modules\express\lib\router\index.js:176:3)
    at router (C:\workspace\dccm-react\backend\node_modules\express\lib\router\index.js:46:12) status: 404 }
[2017-06-29 12:51:48.678] [INFO] exception - [worker:1]  { Error: hey,man,  ~_~   you've come a uncharted world! /api/sps/customerInfo/excel/template/download
    at C:\workspace\dccm-react\backend\server\bin\framework-engin\express.js:60:13
    at Layer.handle [as handle_request] (C:\workspace\dccm-react\backend\node_modules\express\lib\router\layer.js:95:5)
    at trim_prefix (C:\workspace\dccm-react\backend\node_modules\express\lib\router\index.js:312:13)
    at C:\workspace\dccm-react\backend\node_modules\express\lib\router\index.js:280:7
    at Function.process_params (C:\workspace\dccm-react\backend\node_modules\express\lib\router\index.js:330:12)
    at next (C:\workspace\dccm-react\backend\node_modules\express\lib\router\index.js:271:10)
    at C:\workspace\dccm-react\backend\node_modules\express\lib\router\index.js:618:15
    at next (C:\workspace\dccm-react\backend\node_modules\express\lib\router\index.js:256:14)
    at Function.handle (C:\workspace\dccm-react\backend\node_modules\express\lib\router\index.js:176:3)
    at router (C:\workspace\dccm-react\backend\node_modules\express\lib\router\index.js:46:12) status: 404 }
[2017-06-29 12:57:34.567] [INFO] exception - [worker:1]  { Error: hey,man,  ~_~   you've come a uncharted world! /antd.css.map
    at C:\workspace\dccm-react\backend\server\bin\framework-engin\express.js:60:13
    at Layer.handle [as handle_request] (C:\workspace\dccm-react\backend\node_modules\express\lib\router\layer.js:95:5)
    at trim_prefix (C:\workspace\dccm-react\backend\node_modules\express\lib\router\index.js:312:13)
    at C:\workspace\dccm-react\backend\node_modules\express\lib\router\index.js:280:7
    at Function.process_params (C:\workspace\dccm-react\backend\node_modules\express\lib\router\index.js:330:12)
    at next (C:\workspace\dccm-react\backend\node_modules\express\lib\router\index.js:271:10)
    at C:\workspace\dccm-react\backend\node_modules\express\lib\router\index.js:618:15
    at next (C:\workspace\dccm-react\backend\node_modules\express\lib\router\index.js:256:14)
    at Function.handle (C:\workspace\dccm-react\backend\node_modules\express\lib\router\index.js:176:3)
    at router (C:\workspace\dccm-react\backend\node_modules\express\lib\router\index.js:46:12) status: 404 }
[2017-06-29 12:59:37.208] [INFO] exception - [worker:1]  { Error: hey,man,  ~_~   you've come a uncharted world! /assets/image/manager-platform/login-bg.png
    at C:\workspace\dccm-react\backend\server\bin\framework-engin\express.js:60:13
    at Layer.handle [as handle_request] (C:\workspace\dccm-react\backend\node_modules\express\lib\router\layer.js:95:5)
    at trim_prefix (C:\workspace\dccm-react\backend\node_modules\express\lib\router\index.js:312:13)
    at C:\workspace\dccm-react\backend\node_modules\express\lib\router\index.js:280:7
    at Function.process_params (C:\workspace\dccm-react\backend\node_modules\express\lib\router\index.js:330:12)
    at next (C:\workspace\dccm-react\backend\node_modules\express\lib\router\index.js:271:10)
    at C:\workspace\dccm-react\backend\node_modules\express\lib\router\index.js:618:15
    at next (C:\workspace\dccm-react\backend\node_modules\express\lib\router\index.js:256:14)
    at Function.handle (C:\workspace\dccm-react\backend\node_modules\express\lib\router\index.js:176:3)
    at router (C:\workspace\dccm-react\backend\node_modules\express\lib\router\index.js:46:12) status: 404 }
[2017-06-29 12:59:37.248] [INFO] exception - [worker:1]  { Error: hey,man,  ~_~   you've come a uncharted world! /antd.css.map
    at C:\workspace\dccm-react\backend\server\bin\framework-engin\express.js:60:13
    at Layer.handle [as handle_request] (C:\workspace\dccm-react\backend\node_modules\express\lib\router\layer.js:95:5)
    at trim_prefix (C:\workspace\dccm-react\backend\node_modules\express\lib\router\index.js:312:13)
    at C:\workspace\dccm-react\backend\node_modules\express\lib\router\index.js:280:7
    at Function.process_params (C:\workspace\dccm-react\backend\node_modules\express\lib\router\index.js:330:12)
    at next (C:\workspace\dccm-react\backend\node_modules\express\lib\router\index.js:271:10)
    at C:\workspace\dccm-react\backend\node_modules\express\lib\router\index.js:618:15
    at next (C:\workspace\dccm-react\backend\node_modules\express\lib\router\index.js:256:14)
    at Function.handle (C:\workspace\dccm-react\backend\node_modules\express\lib\router\index.js:176:3)
    at router (C:\workspace\dccm-react\backend\node_modules\express\lib\router\index.js:46:12) status: 404 }
[2017-06-29 12:59:47.481] [INFO] exception - [worker:1]  { Error: hey,man,  ~_~   you've come a uncharted world! /antd.css.map
    at C:\workspace\dccm-react\backend\server\bin\framework-engin\express.js:60:13
    at Layer.handle [as handle_request] (C:\workspace\dccm-react\backend\node_modules\express\lib\router\layer.js:95:5)
    at trim_prefix (C:\workspace\dccm-react\backend\node_modules\express\lib\router\index.js:312:13)
    at C:\workspace\dccm-react\backend\node_modules\express\lib\router\index.js:280:7
    at Function.process_params (C:\workspace\dccm-react\backend\node_modules\express\lib\router\index.js:330:12)
    at next (C:\workspace\dccm-react\backend\node_modules\express\lib\router\index.js:271:10)
    at C:\workspace\dccm-react\backend\node_modules\express\lib\router\index.js:618:15
    at next (C:\workspace\dccm-react\backend\node_modules\express\lib\router\index.js:256:14)
    at Function.handle (C:\workspace\dccm-react\backend\node_modules\express\lib\router\index.js:176:3)
    at router (C:\workspace\dccm-react\backend\node_modules\express\lib\router\index.js:46:12) status: 404 }
[2017-06-29 12:59:53.682] [INFO] exception - [worker:1]  { Error: hey,man,  ~_~   you've come a uncharted world! /assets/image/manager-platform/login-bg.png
    at C:\workspace\dccm-react\backend\server\bin\framework-engin\express.js:60:13
    at Layer.handle [as handle_request] (C:\workspace\dccm-react\backend\node_modules\express\lib\router\layer.js:95:5)
    at trim_prefix (C:\workspace\dccm-react\backend\node_modules\express\lib\router\index.js:312:13)
    at C:\workspace\dccm-react\backend\node_modules\express\lib\router\index.js:280:7
    at Function.process_params (C:\workspace\dccm-react\backend\node_modules\express\lib\router\index.js:330:12)
    at next (C:\workspace\dccm-react\backend\node_modules\express\lib\router\index.js:271:10)
    at C:\workspace\dccm-react\backend\node_modules\express\lib\router\index.js:618:15
    at next (C:\workspace\dccm-react\backend\node_modules\express\lib\router\index.js:256:14)
    at Function.handle (C:\workspace\dccm-react\backend\node_modules\express\lib\router\index.js:176:3)
    at router (C:\workspace\dccm-react\backend\node_modules\express\lib\router\index.js:46:12) status: 404 }
[2017-06-29 12:59:53.724] [INFO] exception - [worker:1]  { Error: hey,man,  ~_~   you've come a uncharted world! /antd.css.map
    at C:\workspace\dccm-react\backend\server\bin\framework-engin\express.js:60:13
    at Layer.handle [as handle_request] (C:\workspace\dccm-react\backend\node_modules\express\lib\router\layer.js:95:5)
    at trim_prefix (C:\workspace\dccm-react\backend\node_modules\express\lib\router\index.js:312:13)
    at C:\workspace\dccm-react\backend\node_modules\express\lib\router\index.js:280:7
    at Function.process_params (C:\workspace\dccm-react\backend\node_modules\express\lib\router\index.js:330:12)
    at next (C:\workspace\dccm-react\backend\node_modules\express\lib\router\index.js:271:10)
    at C:\workspace\dccm-react\backend\node_modules\express\lib\router\index.js:618:15
    at next (C:\workspace\dccm-react\backend\node_modules\express\lib\router\index.js:256:14)
    at Function.handle (C:\workspace\dccm-react\backend\node_modules\express\lib\router\index.js:176:3)
    at router (C:\workspace\dccm-react\backend\node_modules\express\lib\router\index.js:46:12) status: 404 }
[2017-06-29 13:06:45.817] [INFO] exception - [worker:1]  { Error: hey,man,  ~_~   you've come a uncharted world! /assets/image/manager-platform/login-bg.png
    at C:\workspace\dccm-react\backend\server\bin\framework-engin\express.js:60:13
    at Layer.handle [as handle_request] (C:\workspace\dccm-react\backend\node_modules\express\lib\router\layer.js:95:5)
    at trim_prefix (C:\workspace\dccm-react\backend\node_modules\express\lib\router\index.js:312:13)
    at C:\workspace\dccm-react\backend\node_modules\express\lib\router\index.js:280:7
    at Function.process_params (C:\workspace\dccm-react\backend\node_modules\express\lib\router\index.js:330:12)
    at next (C:\workspace\dccm-react\backend\node_modules\express\lib\router\index.js:271:10)
    at C:\workspace\dccm-react\backend\node_modules\express\lib\router\index.js:618:15
    at next (C:\workspace\dccm-react\backend\node_modules\express\lib\router\index.js:256:14)
    at Function.handle (C:\workspace\dccm-react\backend\node_modules\express\lib\router\index.js:176:3)
    at router (C:\workspace\dccm-react\backend\node_modules\express\lib\router\index.js:46:12) status: 404 }
[2017-06-29 13:06:53.451] [INFO] exception - [worker:1]  { Error: hey,man,  ~_~   you've come a uncharted world! /antd.css.map
    at C:\workspace\dccm-react\backend\server\bin\framework-engin\express.js:60:13
    at Layer.handle [as handle_request] (C:\workspace\dccm-react\backend\node_modules\express\lib\router\layer.js:95:5)
    at trim_prefix (C:\workspace\dccm-react\backend\node_modules\express\lib\router\index.js:312:13)
    at C:\workspace\dccm-react\backend\node_modules\express\lib\router\index.js:280:7
    at Function.process_params (C:\workspace\dccm-react\backend\node_modules\express\lib\router\index.js:330:12)
    at next (C:\workspace\dccm-react\backend\node_modules\express\lib\router\index.js:271:10)
    at C:\workspace\dccm-react\backend\node_modules\express\lib\router\index.js:618:15
    at next (C:\workspace\dccm-react\backend\node_modules\express\lib\router\index.js:256:14)
    at Function.handle (C:\workspace\dccm-react\backend\node_modules\express\lib\router\index.js:176:3)
    at router (C:\workspace\dccm-react\backend\node_modules\express\lib\router\index.js:46:12) status: 404 }
[2017-06-29 13:07:01.473] [INFO] exception - [worker:1]  { Error: hey,man,  ~_~   you've come a uncharted world! /assets/image/manager-platform/login-bg.png
    at C:\workspace\dccm-react\backend\server\bin\framework-engin\express.js:60:13
    at Layer.handle [as handle_request] (C:\workspace\dccm-react\backend\node_modules\express\lib\router\layer.js:95:5)
    at trim_prefix (C:\workspace\dccm-react\backend\node_modules\express\lib\router\index.js:312:13)
    at C:\workspace\dccm-react\backend\node_modules\express\lib\router\index.js:280:7
    at Function.process_params (C:\workspace\dccm-react\backend\node_modules\express\lib\router\index.js:330:12)
    at next (C:\workspace\dccm-react\backend\node_modules\express\lib\router\index.js:271:10)
    at C:\workspace\dccm-react\backend\node_modules\express\lib\router\index.js:618:15
    at next (C:\workspace\dccm-react\backend\node_modules\express\lib\router\index.js:256:14)
    at Function.handle (C:\workspace\dccm-react\backend\node_modules\express\lib\router\index.js:176:3)
    at router (C:\workspace\dccm-react\backend\node_modules\express\lib\router\index.js:46:12) status: 404 }
[2017-06-29 13:07:01.512] [INFO] exception - [worker:1]  { Error: hey,man,  ~_~   you've come a uncharted world! /antd.css.map
    at C:\workspace\dccm-react\backend\server\bin\framework-engin\express.js:60:13
    at Layer.handle [as handle_request] (C:\workspace\dccm-react\backend\node_modules\express\lib\router\layer.js:95:5)
    at trim_prefix (C:\workspace\dccm-react\backend\node_modules\express\lib\router\index.js:312:13)
    at C:\workspace\dccm-react\backend\node_modules\express\lib\router\index.js:280:7
    at Function.process_params (C:\workspace\dccm-react\backend\node_modules\express\lib\router\index.js:330:12)
    at next (C:\workspace\dccm-react\backend\node_modules\express\lib\router\index.js:271:10)
    at C:\workspace\dccm-react\backend\node_modules\express\lib\router\index.js:618:15
    at next (C:\workspace\dccm-react\backend\node_modules\express\lib\router\index.js:256:14)
    at Function.handle (C:\workspace\dccm-react\backend\node_modules\express\lib\router\index.js:176:3)
    at router (C:\workspace\dccm-react\backend\node_modules\express\lib\router\index.js:46:12) status: 404 }
[2017-06-29 13:07:50.059] [INFO] exception - [worker:1]  { Error: hey,man,  ~_~   you've come a uncharted world! /assets/image/manager-platform/login-bg.png
    at C:\workspace\dccm-react\backend\server\bin\framework-engin\express.js:60:13
    at Layer.handle [as handle_request] (C:\workspace\dccm-react\backend\node_modules\express\lib\router\layer.js:95:5)
    at trim_prefix (C:\workspace\dccm-react\backend\node_modules\express\lib\router\index.js:312:13)
    at C:\workspace\dccm-react\backend\node_modules\express\lib\router\index.js:280:7
    at Function.process_params (C:\workspace\dccm-react\backend\node_modules\express\lib\router\index.js:330:12)
    at next (C:\workspace\dccm-react\backend\node_modules\express\lib\router\index.js:271:10)
    at C:\workspace\dccm-react\backend\node_modules\express\lib\router\index.js:618:15
    at next (C:\workspace\dccm-react\backend\node_modules\express\lib\router\index.js:256:14)
    at Function.handle (C:\workspace\dccm-react\backend\node_modules\express\lib\router\index.js:176:3)
    at router (C:\workspace\dccm-react\backend\node_modules\express\lib\router\index.js:46:12) status: 404 }
[2017-06-29 13:07:50.110] [INFO] exception - [worker:1]  { Error: hey,man,  ~_~   you've come a uncharted world! /antd.css.map
    at C:\workspace\dccm-react\backend\server\bin\framework-engin\express.js:60:13
    at Layer.handle [as handle_request] (C:\workspace\dccm-react\backend\node_modules\express\lib\router\layer.js:95:5)
    at trim_prefix (C:\workspace\dccm-react\backend\node_modules\express\lib\router\index.js:312:13)
    at C:\workspace\dccm-react\backend\node_modules\express\lib\router\index.js:280:7
    at Function.process_params (C:\workspace\dccm-react\backend\node_modules\express\lib\router\index.js:330:12)
    at next (C:\workspace\dccm-react\backend\node_modules\express\lib\router\index.js:271:10)
    at C:\workspace\dccm-react\backend\node_modules\express\lib\router\index.js:618:15
    at next (C:\workspace\dccm-react\backend\node_modules\express\lib\router\index.js:256:14)
    at Function.handle (C:\workspace\dccm-react\backend\node_modules\express\lib\router\index.js:176:3)
    at router (C:\workspace\dccm-react\backend\node_modules\express\lib\router\index.js:46:12) status: 404 }
[2017-06-29 13:09:24.482] [INFO] exception - [worker:1]  { Error: hey,man,  ~_~   you've come a uncharted world! /api/sps/login
    at C:\workspace\dccm-react\backend\server\bin\framework-engin\express.js:60:13
    at Layer.handle [as handle_request] (C:\workspace\dccm-react\backend\node_modules\express\lib\router\layer.js:95:5)
    at trim_prefix (C:\workspace\dccm-react\backend\node_modules\express\lib\router\index.js:312:13)
    at C:\workspace\dccm-react\backend\node_modules\express\lib\router\index.js:280:7
    at Function.process_params (C:\workspace\dccm-react\backend\node_modules\express\lib\router\index.js:330:12)
    at next (C:\workspace\dccm-react\backend\node_modules\express\lib\router\index.js:271:10)
    at C:\workspace\dccm-react\backend\node_modules\express\lib\router\index.js:618:15
    at C:\workspace\dccm-react\backend\node_modules\express\lib\router\index.js:167:47
    at proxy (C:\workspace\dccm-react\backend\node_modules\express\lib\router\index.js:643:8)
    at next (C:\workspace\dccm-react\backend\node_modules\express\lib\router\index.js:256:14) status: 404 }
[2017-06-29 13:09:25.329] [INFO] exception - [worker:1]  { Error: hey,man,  ~_~   you've come a uncharted world! /api/sps/login
    at C:\workspace\dccm-react\backend\server\bin\framework-engin\express.js:60:13
    at Layer.handle [as handle_request] (C:\workspace\dccm-react\backend\node_modules\express\lib\router\layer.js:95:5)
    at trim_prefix (C:\workspace\dccm-react\backend\node_modules\express\lib\router\index.js:312:13)
    at C:\workspace\dccm-react\backend\node_modules\express\lib\router\index.js:280:7
    at Function.process_params (C:\workspace\dccm-react\backend\node_modules\express\lib\router\index.js:330:12)
    at next (C:\workspace\dccm-react\backend\node_modules\express\lib\router\index.js:271:10)
    at C:\workspace\dccm-react\backend\node_modules\express\lib\router\index.js:618:15
    at C:\workspace\dccm-react\backend\node_modules\express\lib\router\index.js:167:47
    at proxy (C:\workspace\dccm-react\backend\node_modules\express\lib\router\index.js:643:8)
    at next (C:\workspace\dccm-react\backend\node_modules\express\lib\router\index.js:256:14) status: 404 }
[2017-06-29 13:09:37.959] [INFO] exception - [worker:1]  { Error: hey,man,  ~_~   you've come a uncharted world! /api/sps/login
    at C:\workspace\dccm-react\backend\server\bin\framework-engin\express.js:60:13
    at Layer.handle [as handle_request] (C:\workspace\dccm-react\backend\node_modules\express\lib\router\layer.js:95:5)
    at trim_prefix (C:\workspace\dccm-react\backend\node_modules\express\lib\router\index.js:312:13)
    at C:\workspace\dccm-react\backend\node_modules\express\lib\router\index.js:280:7
    at Function.process_params (C:\workspace\dccm-react\backend\node_modules\express\lib\router\index.js:330:12)
    at next (C:\workspace\dccm-react\backend\node_modules\express\lib\router\index.js:271:10)
    at C:\workspace\dccm-react\backend\node_modules\express\lib\router\index.js:618:15
    at C:\workspace\dccm-react\backend\node_modules\express\lib\router\index.js:167:47
    at proxy (C:\workspace\dccm-react\backend\node_modules\express\lib\router\index.js:643:8)
    at next (C:\workspace\dccm-react\backend\node_modules\express\lib\router\index.js:256:14) status: 404 }
[2017-06-29 14:41:29.033] [INFO] exception - [worker:1]  { Error: hey,man,  ~_~   you've come a uncharted world! /assets/image/manager-platform/login-bg.png
    at C:\workspace\dccm-react\backend\server\bin\framework-engin\express.js:60:13
    at Layer.handle [as handle_request] (C:\workspace\dccm-react\backend\node_modules\express\lib\router\layer.js:95:5)
    at trim_prefix (C:\workspace\dccm-react\backend\node_modules\express\lib\router\index.js:312:13)
    at C:\workspace\dccm-react\backend\node_modules\express\lib\router\index.js:280:7
    at Function.process_params (C:\workspace\dccm-react\backend\node_modules\express\lib\router\index.js:330:12)
    at next (C:\workspace\dccm-react\backend\node_modules\express\lib\router\index.js:271:10)
    at C:\workspace\dccm-react\backend\node_modules\express\lib\router\index.js:618:15
    at next (C:\workspace\dccm-react\backend\node_modules\express\lib\router\index.js:256:14)
    at Function.handle (C:\workspace\dccm-react\backend\node_modules\express\lib\router\index.js:176:3)
    at router (C:\workspace\dccm-react\backend\node_modules\express\lib\router\index.js:46:12) status: 404 }
[2017-06-29 14:41:29.084] [INFO] exception - [worker:1]  { Error: hey,man,  ~_~   you've come a uncharted world! /antd.css.map
    at C:\workspace\dccm-react\backend\server\bin\framework-engin\express.js:60:13
    at Layer.handle [as handle_request] (C:\workspace\dccm-react\backend\node_modules\express\lib\router\layer.js:95:5)
    at trim_prefix (C:\workspace\dccm-react\backend\node_modules\express\lib\router\index.js:312:13)
    at C:\workspace\dccm-react\backend\node_modules\express\lib\router\index.js:280:7
    at Function.process_params (C:\workspace\dccm-react\backend\node_modules\express\lib\router\index.js:330:12)
    at next (C:\workspace\dccm-react\backend\node_modules\express\lib\router\index.js:271:10)
    at C:\workspace\dccm-react\backend\node_modules\express\lib\router\index.js:618:15
    at next (C:\workspace\dccm-react\backend\node_modules\express\lib\router\index.js:256:14)
    at Function.handle (C:\workspace\dccm-react\backend\node_modules\express\lib\router\index.js:176:3)
    at router (C:\workspace\dccm-react\backend\node_modules\express\lib\router\index.js:46:12) status: 404 }
[2017-06-29 16:46:47.333] [INFO] exception - [worker:1]  { Error: hey,man,  ~_~   you've come a uncharted world! /assets/image/manager-platform/login-bg.png
    at C:\workspace\dccm-react\backend\server\bin\framework-engin\express.js:60:13
    at Layer.handle [as handle_request] (C:\workspace\dccm-react\backend\node_modules\express\lib\router\layer.js:95:5)
    at trim_prefix (C:\workspace\dccm-react\backend\node_modules\express\lib\router\index.js:312:13)
    at C:\workspace\dccm-react\backend\node_modules\express\lib\router\index.js:280:7
    at Function.process_params (C:\workspace\dccm-react\backend\node_modules\express\lib\router\index.js:330:12)
    at next (C:\workspace\dccm-react\backend\node_modules\express\lib\router\index.js:271:10)
    at C:\workspace\dccm-react\backend\node_modules\express\lib\router\index.js:618:15
    at next (C:\workspace\dccm-react\backend\node_modules\express\lib\router\index.js:256:14)
    at Function.handle (C:\workspace\dccm-react\backend\node_modules\express\lib\router\index.js:176:3)
    at router (C:\workspace\dccm-react\backend\node_modules\express\lib\router\index.js:46:12) status: 404 }
[2017-06-29 16:46:47.367] [INFO] exception - [worker:1]  { Error: hey,man,  ~_~   you've come a uncharted world! /antd.css.map
    at C:\workspace\dccm-react\backend\server\bin\framework-engin\express.js:60:13
    at Layer.handle [as handle_request] (C:\workspace\dccm-react\backend\node_modules\express\lib\router\layer.js:95:5)
    at trim_prefix (C:\workspace\dccm-react\backend\node_modules\express\lib\router\index.js:312:13)
    at C:\workspace\dccm-react\backend\node_modules\express\lib\router\index.js:280:7
    at Function.process_params (C:\workspace\dccm-react\backend\node_modules\express\lib\router\index.js:330:12)
    at next (C:\workspace\dccm-react\backend\node_modules\express\lib\router\index.js:271:10)
    at C:\workspace\dccm-react\backend\node_modules\express\lib\router\index.js:618:15
    at next (C:\workspace\dccm-react\backend\node_modules\express\lib\router\index.js:256:14)
    at Function.handle (C:\workspace\dccm-react\backend\node_modules\express\lib\router\index.js:176:3)
    at router (C:\workspace\dccm-react\backend\node_modules\express\lib\router\index.js:46:12) status: 404 }
